<?xml version="1.0" encoding="UTF-8"?>
<testsuite name="com.teste.testejunit.EquationTest" tests="6" skipped="0" failures="0" errors="0" timestamp="2022-08-28T16:52:15" hostname="LAPTOP-FK883UTG" time="0.074">
  <properties/>
  <testcase name="testClass()" classname="com.teste.testejunit.EquationTest" time="0.041"/>
  <testcase name="test0()" classname="com.teste.testejunit.EquationTest" time="0.009"/>
  <testcase name="test1()" classname="com.teste.testejunit.EquationTest" time="0.006"/>
  <testcase name="test2()" classname="com.teste.testejunit.EquationTest" time="0.002"/>
  <testcase name="test3()" classname="com.teste.testejunit.EquationTest" time="0.002"/>
  <testcase name="test4()" classname="com.teste.testejunit.EquationTest" time="0.003"/>
  <system-out><![CDATA[]]></system-out>
  <system-err><![CDATA[]]></system-err>
</testsuite>
